0 info it worked if it ends with ok
1 verbose cli [ '/usr/bin/nodejs', '/usr/bin/npm', 'publish' ]
2 info using npm@1.4.21
3 info using node@v0.10.25
4 verbose publish [ '.' ]
5 verbose cache add [ '.', null ]
6 verbose cache add name=undefined spec="." args=[".",null]
7 verbose parsed url { protocol: null,
7 verbose parsed url   slashes: null,
7 verbose parsed url   auth: null,
7 verbose parsed url   host: null,
7 verbose parsed url   port: null,
7 verbose parsed url   hostname: null,
7 verbose parsed url   hash: null,
7 verbose parsed url   search: null,
7 verbose parsed url   query: null,
7 verbose parsed url   pathname: '.',
7 verbose parsed url   path: '.',
7 verbose parsed url   href: '.' }
8 silly lockFile 3a52ce78- .
9 verbose lock . /home/koppi/.npm/3a52ce78-.lock
10 verbose tar pack [ '/home/koppi/.npm/involute-gear-generator/0.0.2/package.tgz',
10 verbose tar pack   '.' ]
11 verbose tarball /home/koppi/.npm/involute-gear-generator/0.0.2/package.tgz
12 verbose folder .
13 info prepublish involute-gear-generator@0.0.2
14 silly lockFile 1f1177db-tar tar://.
15 verbose lock tar://. /home/koppi/.npm/1f1177db-tar.lock
16 silly lockFile d13f7d88-gear-generator-0-0-2-package-tgz tar:///home/koppi/.npm/involute-gear-generator/0.0.2/package.tgz
17 verbose lock tar:///home/koppi/.npm/involute-gear-generator/0.0.2/package.tgz /home/koppi/.npm/d13f7d88-gear-generator-0-0-2-package-tgz.lock
18 silly lockFile 1f1177db-tar tar://.
19 silly lockFile 1f1177db-tar tar://.
20 silly lockFile d13f7d88-gear-generator-0-0-2-package-tgz tar:///home/koppi/.npm/involute-gear-generator/0.0.2/package.tgz
21 silly lockFile d13f7d88-gear-generator-0-0-2-package-tgz tar:///home/koppi/.npm/involute-gear-generator/0.0.2/package.tgz
22 silly lockFile f2ccdcbe-ute-gear-generator-0-0-2-package /home/koppi/.npm/involute-gear-generator/0.0.2/package
23 verbose lock /home/koppi/.npm/involute-gear-generator/0.0.2/package /home/koppi/.npm/f2ccdcbe-ute-gear-generator-0-0-2-package.lock
24 silly lockFile f2ccdcbe-ute-gear-generator-0-0-2-package /home/koppi/.npm/involute-gear-generator/0.0.2/package
25 silly lockFile f2ccdcbe-ute-gear-generator-0-0-2-package /home/koppi/.npm/involute-gear-generator/0.0.2/package
26 silly lockFile 3a52ce78- .
27 silly lockFile 3a52ce78- .
28 silly publish { name: 'involute-gear-generator',
28 silly publish   version: '0.0.2',
28 silly publish   description: 'involute gear generator',
28 silly publish   bin: { 'involute-gear-generator': './gear-involute.js' },
28 silly publish   scripts: { test: 'echo "Error: no test specified" && exit 1' },
28 silly publish   repository:
28 silly publish    { type: 'git',
28 silly publish      url: 'git://github.com/koppi/involute-gear-generator.git' },
28 silly publish   keywords: [ 'involute', 'gear', 'generator', 'dxf' ],
28 silly publish   author:
28 silly publish    { name: 'Jakob Flierl',
28 silly publish      email: 'jakob.flierl@gmail.com',
28 silly publish      url: 'https://github.com/koppi' },
28 silly publish   licenses:
28 silly publish    { type: 'MIT',
28 silly publish      url: 'http://opensource.org/licenses/mit-license.php' },
28 silly publish   bugs: { url: 'https://github.com/koppi/involute-gear-generator/issues' },
28 silly publish   dependencies: { yargs: '^3.9.1' },
28 silly publish   gitHead: 'de81140b4f400771f39223b71cf329cee35b9db0',
28 silly publish   readme: 'ERROR: No README data found!',
28 silly publish   _id: 'involute-gear-generator@0.0.2',
28 silly publish   _shasum: '1ab1816e5221c7f4dddf8cd1c8936c78f81f1b20',
28 silly publish   _from: '.' }
29 verbose request where is /involute-gear-generator
30 verbose request registry https://registry.npmjs.org/
31 verbose request id 8e83808843ec0e1f
32 verbose url raw /involute-gear-generator
33 verbose url resolving [ 'https://registry.npmjs.org/', './involute-gear-generator' ]
34 verbose url resolved https://registry.npmjs.org/involute-gear-generator
35 verbose request where is https://registry.npmjs.org/involute-gear-generator
36 info trying registry request attempt 1 at 01:07:39
37 http PUT https://registry.npmjs.org/involute-gear-generator
38 http 403 https://registry.npmjs.org/involute-gear-generator
39 verbose headers { 'content-type': 'application/json',
39 verbose headers   'cache-control': 'max-age=60',
39 verbose headers   'content-length': '95',
39 verbose headers   'accept-ranges': 'bytes',
39 verbose headers   date: 'Wed, 20 May 2015 23:07:44 GMT',
39 verbose headers   via: '1.1 varnish',
39 verbose headers   connection: 'keep-alive',
39 verbose headers   'x-served-by': 'cache-fra1242-FRA',
39 verbose headers   'x-cache': 'MISS',
39 verbose headers   'x-cache-hits': '0',
39 verbose headers   'x-timer': 'S1432163263.162089,VS0,VE1612' }
40 error publish Failed PUT 403
41 error Error: "You cannot publish over the previously published version 0.0.2." : involute-gear-generator
41 error     at RegClient.<anonymous> (/usr/share/npm/node_modules/npm-registry-client/lib/request.js:300:14)
41 error     at Request._callback (/usr/share/npm/node_modules/npm-registry-client/lib/request.js:238:65)
41 error     at Request.self.callback (/usr/lib/nodejs/request/index.js:148:22)
41 error     at Request.EventEmitter.emit (events.js:98:17)
41 error     at Request.<anonymous> (/usr/lib/nodejs/request/index.js:896:14)
41 error     at Request.EventEmitter.emit (events.js:117:20)
41 error     at IncomingMessage.<anonymous> (/usr/lib/nodejs/request/index.js:847:12)
41 error     at IncomingMessage.EventEmitter.emit (events.js:117:20)
41 error     at _stream_readable.js:920:16
41 error     at process._tickCallback (node.js:415:13)
42 error If you need help, you may report this *entire* log,
42 error including the npm and node versions, at:
42 error     <http://github.com/npm/npm/issues>
43 error System Linux 3.19.0-16-generic
44 error command "/usr/bin/nodejs" "/usr/bin/npm" "publish"
45 error cwd /home/koppi/Desktop/involute-gear-generator
46 error node -v v0.10.25
47 error npm -v 1.4.21
48 verbose exit [ 1, true ]
